build/outputs/logs/manifest-merger-debug-report.txt
-- Merging decision tree log ---
manifest
ADDED from workspace\Android_BaoLuo_Community\AndroidManifest.xml:2:1-183:12
	package
		ADDED from workspace\Android_BaoLuo_Community\AndroidManifest.xml:3:5-38
	android:versionName
		ADDED from workspace\Android_BaoLuo_Community\AndroidManifest.xml:5:5-30
	android:versionCode
		ADDED from workspace\Android_BaoLuo_Community\AndroidManifest.xml:4:5-28
		INJECTED from workspace\Android_BaoLuo_Community\AndroidManifest.xml
		INJECTED from workspace\Android_BaoLuo_Community\AndroidManifest.xml
	xmlns:android
		ADDED from workspace\Android_BaoLuo_Community\AndroidManifest.xml:2:11-69
uses-sdk
ADDED from workspace\Android_BaoLuo_Community\AndroidManifest.xml:7:5-9:41
MERGED from [Android_BaoLuo_Community:pullToRefresh_lib:unspecified] AndroidManifest.xml:7:5-9:41
MERGED from [com.android.support:support-v4:20.0.0] AndroidManifest.xml:16:5-42
	android:targetSdkVersion
		ADDED from workspace\Android_BaoLuo_Community\AndroidManifest.xml:9:9-38
	android:minSdkVersion
		ADDED from workspace\Android_BaoLuo_Community\AndroidManifest.xml:8:9-34
uses-permission#android.permission.INTERNET
ADDED from workspace\Android_BaoLuo_Community\AndroidManifest.xml:11:5-67
	android:name
		ADDED from workspace\Android_BaoLuo_Community\AndroidManifest.xml:11:22-64
uses-permission#android.permission.ACCESS_NETWORK_STATE
ADDED from workspace\Android_BaoLuo_Community\AndroidManifest.xml:12:5-79
	android:name
		ADDED from workspace\Android_BaoLuo_Community\AndroidManifest.xml:12:22-76
uses-permission#android.permission.WRITE_EXTERNAL_STORAGE
ADDED from workspace\Android_BaoLuo_Community\AndroidManifest.xml:13:5-81
	android:name
		ADDED from workspace\Android_BaoLuo_Community\AndroidManifest.xml:13:22-78
uses-permission#android.permission.MOUNT_UNMOUNT_FILESYSTEMS
ADDED from workspace\Android_BaoLuo_Community\AndroidManifest.xml:14:5-84
	android:name
		ADDED from workspace\Android_BaoLuo_Community\AndroidManifest.xml:14:22-81
uses-permission#android.permission.READ_EXTERNAL_STORAGE
ADDED from workspace\Android_BaoLuo_Community\AndroidManifest.xml:15:5-80
	android:name
		ADDED from workspace\Android_BaoLuo_Community\AndroidManifest.xml:15:22-77
uses-permission#android.permission.RECORD_AUDIO
ADDED from workspace\Android_BaoLuo_Community\AndroidManifest.xml:16:5-71
	android:name
		ADDED from workspace\Android_BaoLuo_Community\AndroidManifest.xml:16:22-68
uses-permission#android.permission.GET_TASKS
ADDED from workspace\Android_BaoLuo_Community\AndroidManifest.xml:17:5-68
	android:name
		ADDED from workspace\Android_BaoLuo_Community\AndroidManifest.xml:17:22-65
uses-permission#android.permission.CAMERA
ADDED from workspace\Android_BaoLuo_Community\AndroidManifest.xml:18:5-65
	android:name
		ADDED from workspace\Android_BaoLuo_Community\AndroidManifest.xml:18:22-62
uses-permission#android.permission.VIBRATE
ADDED from workspace\Android_BaoLuo_Community\AndroidManifest.xml:19:5-66
	android:name
		ADDED from workspace\Android_BaoLuo_Community\AndroidManifest.xml:19:22-63
uses-permission#android.permission.ACCESS_COARSE_LOCATION
ADDED from workspace\Android_BaoLuo_Community\AndroidManifest.xml:22:5-81
	android:name
		ADDED from workspace\Android_BaoLuo_Community\AndroidManifest.xml:22:22-78
uses-permission#android.permission.ACCESS_FINE_LOCATION
ADDED from workspace\Android_BaoLuo_Community\AndroidManifest.xml:23:5-79
	android:name
		ADDED from workspace\Android_BaoLuo_Community\AndroidManifest.xml:23:22-76
uses-permission#android.permission.READ_PHONE_STATE
ADDED from workspace\Android_BaoLuo_Community\AndroidManifest.xml:24:5-75
	android:name
		ADDED from workspace\Android_BaoLuo_Community\AndroidManifest.xml:24:22-72
uses-permission#android.permission.CHANGE_WIFI_STATE
ADDED from workspace\Android_BaoLuo_Community\AndroidManifest.xml:25:5-76
	android:name
		ADDED from workspace\Android_BaoLuo_Community\AndroidManifest.xml:25:22-73
uses-permission#android.permission.ACCESS_WIFI_STATE
ADDED from workspace\Android_BaoLuo_Community\AndroidManifest.xml:26:5-76
	android:name
		ADDED from workspace\Android_BaoLuo_Community\AndroidManifest.xml:26:22-73
uses-permission#android.permission.CHANGE_CONFIGURATION
ADDED from workspace\Android_BaoLuo_Community\AndroidManifest.xml:27:5-79
	android:name
		ADDED from workspace\Android_BaoLuo_Community\AndroidManifest.xml:27:22-76
application
ADDED from workspace\Android_BaoLuo_Community\AndroidManifest.xml:30:5-181:19
MERGED from [Android_BaoLuo_Community:pullToRefresh_lib:unspecified] AndroidManifest.xml:11:5-20
MERGED from [com.android.support:support-v4:20.0.0] AndroidManifest.xml:17:5-19
	android:label
		ADDED from workspace\Android_BaoLuo_Community\AndroidManifest.xml:34:9-41
	android:allowBackup
		ADDED from workspace\Android_BaoLuo_Community\AndroidManifest.xml:32:9-35
	android:icon
		ADDED from workspace\Android_BaoLuo_Community\AndroidManifest.xml:33:9-41
	android:theme
		ADDED from workspace\Android_BaoLuo_Community\AndroidManifest.xml:35:9-62
	android:name
		ADDED from workspace\Android_BaoLuo_Community\AndroidManifest.xml:31:9-70
meta-data#com.amap.api.v2.apikey
ADDED from workspace\Android_BaoLuo_Community\AndroidManifest.xml:36:9-38:64
	android:value
		ADDED from workspace\Android_BaoLuo_Community\AndroidManifest.xml:38:13-61
	android:name
		ADDED from workspace\Android_BaoLuo_Community\AndroidManifest.xml:37:13-50
service#com.baoluo.community.service.BackService
ADDED from workspace\Android_BaoLuo_Community\AndroidManifest.xml:41:9-47:19
	android:enabled
		ADDED from workspace\Android_BaoLuo_Community\AndroidManifest.xml:43:13-35
	android:name
		ADDED from workspace\Android_BaoLuo_Community\AndroidManifest.xml:42:13-68
intent-filter#com.baoluo.community.service.BackService
ADDED from workspace\Android_BaoLuo_Community\AndroidManifest.xml:44:13-46:29
action#com.baoluo.community.service.BackService
ADDED from workspace\Android_BaoLuo_Community\AndroidManifest.xml:45:17-83
	android:name
		ADDED from workspace\Android_BaoLuo_Community\AndroidManifest.xml:45:25-80
activity#com.baoluo.community.ui.WelcomeActivity
ADDED from workspace\Android_BaoLuo_Community\AndroidManifest.xml:51:9-59:20
	android:label
		ADDED from workspace\Android_BaoLuo_Community\AndroidManifest.xml:53:13-45
	android:theme
		ADDED from workspace\Android_BaoLuo_Community\AndroidManifest.xml:54:13-50
	android:name
		ADDED from workspace\Android_BaoLuo_Community\AndroidManifest.xml:52:13-67
intent-filter#android.intent.action.MAIN+android.intent.category.LAUNCHER
ADDED from workspace\Android_BaoLuo_Community\AndroidManifest.xml:55:13-58:29
action#android.intent.action.MAIN
ADDED from workspace\Android_BaoLuo_Community\AndroidManifest.xml:56:17-69
	android:name
		ADDED from workspace\Android_BaoLuo_Community\AndroidManifest.xml:56:25-66
category#android.intent.category.LAUNCHER
ADDED from workspace\Android_BaoLuo_Community\AndroidManifest.xml:57:17-77
	android:name
		ADDED from workspace\Android_BaoLuo_Community\AndroidManifest.xml:57:27-74
activity#com.baoluo.community.ui.aty.user.AtyLogin
ADDED from workspace\Android_BaoLuo_Community\AndroidManifest.xml:60:9-78
	android:name
		ADDED from workspace\Android_BaoLuo_Community\AndroidManifest.xml:60:19-75
activity#com.baoluo.community.ui.GuideActivity
ADDED from workspace\Android_BaoLuo_Community\AndroidManifest.xml:61:9-74
	android:name
		ADDED from workspace\Android_BaoLuo_Community\AndroidManifest.xml:61:19-71
activity#com.baoluo.community.ui.MainActivity
ADDED from workspace\Android_BaoLuo_Community\AndroidManifest.xml:62:9-64:73
	android:windowSoftInputMode
		ADDED from workspace\Android_BaoLuo_Community\AndroidManifest.xml:64:13-70
	android:name
		ADDED from workspace\Android_BaoLuo_Community\AndroidManifest.xml:63:13-64
activity#com.baoluo.community.ui.AtyHumorSend
ADDED from workspace\Android_BaoLuo_Community\AndroidManifest.xml:65:9-73
	android:name
		ADDED from workspace\Android_BaoLuo_Community\AndroidManifest.xml:65:19-70
activity#com.baoluo.community.ui.AtyHumorSendNew
ADDED from workspace\Android_BaoLuo_Community\AndroidManifest.xml:66:9-76
	android:name
		ADDED from workspace\Android_BaoLuo_Community\AndroidManifest.xml:66:19-73
activity#com.baoluo.community.ui.AtyActivitySend
ADDED from workspace\Android_BaoLuo_Community\AndroidManifest.xml:67:9-76
	android:name
		ADDED from workspace\Android_BaoLuo_Community\AndroidManifest.xml:67:19-73
activity#com.baoluo.community.ui.AtyEventSend
ADDED from workspace\Android_BaoLuo_Community\AndroidManifest.xml:68:9-70:73
	android:windowSoftInputMode
		ADDED from workspace\Android_BaoLuo_Community\AndroidManifest.xml:70:13-70
	android:name
		ADDED from workspace\Android_BaoLuo_Community\AndroidManifest.xml:69:13-64
activity#com.baoluo.community.ui.AtyEventSendDesc
ADDED from workspace\Android_BaoLuo_Community\AndroidManifest.xml:71:9-73:73
	android:windowSoftInputMode
		ADDED from workspace\Android_BaoLuo_Community\AndroidManifest.xml:73:13-70
	android:name
		ADDED from workspace\Android_BaoLuo_Community\AndroidManifest.xml:72:13-68
activity#com.baoluo.community.ui.AtyDormCreate
ADDED from workspace\Android_BaoLuo_Community\AndroidManifest.xml:74:9-76:73
	android:windowSoftInputMode
		ADDED from workspace\Android_BaoLuo_Community\AndroidManifest.xml:76:13-70
	android:name
		ADDED from workspace\Android_BaoLuo_Community\AndroidManifest.xml:75:13-65
activity#com.baoluo.community.ui.HumorDetailsActivity
ADDED from workspace\Android_BaoLuo_Community\AndroidManifest.xml:77:9-79:73
	android:windowSoftInputMode
		ADDED from workspace\Android_BaoLuo_Community\AndroidManifest.xml:79:13-70
	android:name
		ADDED from workspace\Android_BaoLuo_Community\AndroidManifest.xml:78:13-72
activity#com.baoluo.community.ui.AtyHumorDetail
ADDED from workspace\Android_BaoLuo_Community\AndroidManifest.xml:80:9-82:73
	android:windowSoftInputMode
		ADDED from workspace\Android_BaoLuo_Community\AndroidManifest.xml:82:13-70
	android:name
		ADDED from workspace\Android_BaoLuo_Community\AndroidManifest.xml:81:13-66
activity#com.baoluo.community.ui.HumroCommentActivity
ADDED from workspace\Android_BaoLuo_Community\AndroidManifest.xml:83:9-81
	android:name
		ADDED from workspace\Android_BaoLuo_Community\AndroidManifest.xml:83:19-78
activity#com.baoluo.community.ui.HumorReplyCommentActivity
ADDED from workspace\Android_BaoLuo_Community\AndroidManifest.xml:84:9-86
	android:name
		ADDED from workspace\Android_BaoLuo_Community\AndroidManifest.xml:84:19-83
activity#com.baoluo.community.ui.TranspondHumorActivity
ADDED from workspace\Android_BaoLuo_Community\AndroidManifest.xml:85:9-83
	android:name
		ADDED from workspace\Android_BaoLuo_Community\AndroidManifest.xml:85:19-80
activity#com.baoluo.community.ui.EventDetailsActivity
ADDED from workspace\Android_BaoLuo_Community\AndroidManifest.xml:86:9-81
	android:name
		ADDED from workspace\Android_BaoLuo_Community\AndroidManifest.xml:86:19-78
activity#com.baoluo.community.ui.AtyInform
ADDED from workspace\Android_BaoLuo_Community\AndroidManifest.xml:87:9-89:73
	android:windowSoftInputMode
		ADDED from workspace\Android_BaoLuo_Community\AndroidManifest.xml:89:13-70
	android:name
		ADDED from workspace\Android_BaoLuo_Community\AndroidManifest.xml:88:13-61
activity#com.baoluo.community.ui.AtyActivityDetail
ADDED from workspace\Android_BaoLuo_Community\AndroidManifest.xml:90:9-78
	android:name
		ADDED from workspace\Android_BaoLuo_Community\AndroidManifest.xml:90:19-75
activity#com.baoluo.community.ui.EventCommentActivity
ADDED from workspace\Android_BaoLuo_Community\AndroidManifest.xml:91:9-81
	android:name
		ADDED from workspace\Android_BaoLuo_Community\AndroidManifest.xml:91:19-78
activity#com.baoluo.community.ui.PublishTopicActivity
ADDED from workspace\Android_BaoLuo_Community\AndroidManifest.xml:92:9-81
	android:name
		ADDED from workspace\Android_BaoLuo_Community\AndroidManifest.xml:92:19-78
activity#com.baoluo.community.ui.TopicDetailsActivity
ADDED from workspace\Android_BaoLuo_Community\AndroidManifest.xml:93:9-95:73
	android:windowSoftInputMode
		ADDED from workspace\Android_BaoLuo_Community\AndroidManifest.xml:95:13-70
	android:name
		ADDED from workspace\Android_BaoLuo_Community\AndroidManifest.xml:94:13-72
activity#com.baoluo.community.ui.AtyTopicDetail
ADDED from workspace\Android_BaoLuo_Community\AndroidManifest.xml:96:9-98:73
	android:windowSoftInputMode
		ADDED from workspace\Android_BaoLuo_Community\AndroidManifest.xml:98:13-70
	android:name
		ADDED from workspace\Android_BaoLuo_Community\AndroidManifest.xml:97:13-66
activity#com.baoluo.community.ui.MyTaskActivity
ADDED from workspace\Android_BaoLuo_Community\AndroidManifest.xml:99:9-75
	android:name
		ADDED from workspace\Android_BaoLuo_Community\AndroidManifest.xml:99:19-72
activity#com.baoluo.community.ui.AtyImgPager
ADDED from workspace\Android_BaoLuo_Community\AndroidManifest.xml:100:9-72
	android:name
		ADDED from workspace\Android_BaoLuo_Community\AndroidManifest.xml:100:19-69
activity#com.baoluo.community.ui.imgpick.AtyImageBrowse
ADDED from workspace\Android_BaoLuo_Community\AndroidManifest.xml:101:9-83
	android:name
		ADDED from workspace\Android_BaoLuo_Community\AndroidManifest.xml:101:19-80
activity#com.baoluo.community.ui.AtySelPlaceDialog
ADDED from workspace\Android_BaoLuo_Community\AndroidManifest.xml:102:9-104:48
	android:theme
		ADDED from workspace\Android_BaoLuo_Community\AndroidManifest.xml:104:13-45
	android:name
		ADDED from workspace\Android_BaoLuo_Community\AndroidManifest.xml:103:13-69
activity#com.baoluo.community.ui.AtyTopicTheme
ADDED from workspace\Android_BaoLuo_Community\AndroidManifest.xml:105:9-73
	android:name
		ADDED from workspace\Android_BaoLuo_Community\AndroidManifest.xml:105:19-71
activity#com.baoluo.community.ui.AtyFriInfoInform
ADDED from workspace\Android_BaoLuo_Community\AndroidManifest.xml:106:9-108:48
	android:theme
		ADDED from workspace\Android_BaoLuo_Community\AndroidManifest.xml:108:13-45
	android:name
		ADDED from workspace\Android_BaoLuo_Community\AndroidManifest.xml:107:13-68
activity#com.baoluo.community.ui.AtyDormSelType
ADDED from workspace\Android_BaoLuo_Community\AndroidManifest.xml:109:9-111:48
	android:theme
		ADDED from workspace\Android_BaoLuo_Community\AndroidManifest.xml:111:13-45
	android:name
		ADDED from workspace\Android_BaoLuo_Community\AndroidManifest.xml:110:13-66
activity#com.baoluo.community.ui.AtySelPublishRange
ADDED from workspace\Android_BaoLuo_Community\AndroidManifest.xml:112:9-114:48
	android:theme
		ADDED from workspace\Android_BaoLuo_Community\AndroidManifest.xml:114:13-45
	android:name
		ADDED from workspace\Android_BaoLuo_Community\AndroidManifest.xml:113:13-70
activity#com.baoluo.community.ui.AtySelTags
ADDED from workspace\Android_BaoLuo_Community\AndroidManifest.xml:115:9-117:48
	android:theme
		ADDED from workspace\Android_BaoLuo_Community\AndroidManifest.xml:117:13-45
	android:name
		ADDED from workspace\Android_BaoLuo_Community\AndroidManifest.xml:116:13-62
activity#com.baoluo.community.ui.AtySelCitys
ADDED from workspace\Android_BaoLuo_Community\AndroidManifest.xml:118:9-120:48
	android:theme
		ADDED from workspace\Android_BaoLuo_Community\AndroidManifest.xml:120:13-45
	android:name
		ADDED from workspace\Android_BaoLuo_Community\AndroidManifest.xml:119:13-63
activity#com.baoluo.im.ui.AtyDormGetNick
ADDED from workspace\Android_BaoLuo_Community\AndroidManifest.xml:121:9-123:48
	android:theme
		ADDED from workspace\Android_BaoLuo_Community\AndroidManifest.xml:123:13-45
	android:name
		ADDED from workspace\Android_BaoLuo_Community\AndroidManifest.xml:122:13-59
activity#com.baoluo.community.ui.AtySelLocation
ADDED from workspace\Android_BaoLuo_Community\AndroidManifest.xml:124:9-75
	android:name
		ADDED from workspace\Android_BaoLuo_Community\AndroidManifest.xml:124:19-72
activity#com.baoluo.community.ui.AtyTags
ADDED from workspace\Android_BaoLuo_Community\AndroidManifest.xml:125:9-127:73
	android:windowSoftInputMode
		ADDED from workspace\Android_BaoLuo_Community\AndroidManifest.xml:127:13-70
	android:name
		ADDED from workspace\Android_BaoLuo_Community\AndroidManifest.xml:126:13-59
activity#com.baoluo.community.ui.AtyEventTags
ADDED from workspace\Android_BaoLuo_Community\AndroidManifest.xml:128:9-130:73
	android:windowSoftInputMode
		ADDED from workspace\Android_BaoLuo_Community\AndroidManifest.xml:130:13-70
	android:name
		ADDED from workspace\Android_BaoLuo_Community\AndroidManifest.xml:129:13-64
activity#com.baoluo.community.ui.AtyCreatePosition
ADDED from workspace\Android_BaoLuo_Community\AndroidManifest.xml:131:9-78
	android:name
		ADDED from workspace\Android_BaoLuo_Community\AndroidManifest.xml:131:19-75
activity#com.baoluo.community.support.zxing.view.CaptureActivity
ADDED from workspace\Android_BaoLuo_Community\AndroidManifest.xml:132:9-92
	android:name
		ADDED from workspace\Android_BaoLuo_Community\AndroidManifest.xml:132:19-89
activity#com.baoluo.community.ui.aty.user.AtyRegister
ADDED from workspace\Android_BaoLuo_Community\AndroidManifest.xml:134:9-81
	android:name
		ADDED from workspace\Android_BaoLuo_Community\AndroidManifest.xml:134:19-78
activity#com.baoluo.community.ui.AtyFriInfo
ADDED from workspace\Android_BaoLuo_Community\AndroidManifest.xml:135:9-71
	android:name
		ADDED from workspace\Android_BaoLuo_Community\AndroidManifest.xml:135:19-68
activity#com.baoluo.im.ui.AtyChatMqtt
ADDED from workspace\Android_BaoLuo_Community\AndroidManifest.xml:137:9-139:70
	android:windowSoftInputMode
		ADDED from workspace\Android_BaoLuo_Community\AndroidManifest.xml:139:13-67
	android:name
		ADDED from workspace\Android_BaoLuo_Community\AndroidManifest.xml:138:13-56
activity#com.baoluo.im.ui.AtyGroupList
ADDED from workspace\Android_BaoLuo_Community\AndroidManifest.xml:140:9-66
	android:name
		ADDED from workspace\Android_BaoLuo_Community\AndroidManifest.xml:140:19-63
activity#com.baoluo.im.ui.AtyDormChat
ADDED from workspace\Android_BaoLuo_Community\AndroidManifest.xml:141:9-65
	android:name
		ADDED from workspace\Android_BaoLuo_Community\AndroidManifest.xml:141:19-62
activity#com.baoluo.im.ui.AtyAddFriend
ADDED from workspace\Android_BaoLuo_Community\AndroidManifest.xml:142:9-144:73
	android:windowSoftInputMode
		ADDED from workspace\Android_BaoLuo_Community\AndroidManifest.xml:144:13-70
	android:name
		ADDED from workspace\Android_BaoLuo_Community\AndroidManifest.xml:143:13-57
activity#com.baoluo.im.ui.AtyGroupInfo
ADDED from workspace\Android_BaoLuo_Community\AndroidManifest.xml:145:9-66
	android:name
		ADDED from workspace\Android_BaoLuo_Community\AndroidManifest.xml:145:19-63
activity#com.baoluo.im.ui.AtyEventGroupInfo
ADDED from workspace\Android_BaoLuo_Community\AndroidManifest.xml:146:9-71
	android:name
		ADDED from workspace\Android_BaoLuo_Community\AndroidManifest.xml:146:19-68
activity#com.baoluo.im.ui.AtyNewFri
ADDED from workspace\Android_BaoLuo_Community\AndroidManifest.xml:147:9-63
	android:name
		ADDED from workspace\Android_BaoLuo_Community\AndroidManifest.xml:147:19-60
activity#com.baoluo.im.ui.AtyFriMenu
ADDED from workspace\Android_BaoLuo_Community\AndroidManifest.xml:148:9-150:48
	android:theme
		ADDED from workspace\Android_BaoLuo_Community\AndroidManifest.xml:150:13-45
	android:name
		ADDED from workspace\Android_BaoLuo_Community\AndroidManifest.xml:149:13-55
activity#com.baoluo.im.ui.AtyPushNotification
ADDED from workspace\Android_BaoLuo_Community\AndroidManifest.xml:151:9-73
	android:name
		ADDED from workspace\Android_BaoLuo_Community\AndroidManifest.xml:151:19-70
activity#com.baoluo.im.ui.AtyAddUser2Group
ADDED from workspace\Android_BaoLuo_Community\AndroidManifest.xml:152:9-70
	android:name
		ADDED from workspace\Android_BaoLuo_Community\AndroidManifest.xml:152:19-67
activity#com.baoluo.im.ui.AtyMultiChatMqtt
ADDED from workspace\Android_BaoLuo_Community\AndroidManifest.xml:153:9-155:70
	android:windowSoftInputMode
		ADDED from workspace\Android_BaoLuo_Community\AndroidManifest.xml:155:13-67
	android:name
		ADDED from workspace\Android_BaoLuo_Community\AndroidManifest.xml:154:13-61
activity#com.baoluo.im.ui.AtyChatSet
ADDED from workspace\Android_BaoLuo_Community\AndroidManifest.xml:156:9-64
	android:name
		ADDED from workspace\Android_BaoLuo_Community\AndroidManifest.xml:156:19-61
activity#com.baoluo.im.ui.AtyAmendGroup
ADDED from workspace\Android_BaoLuo_Community\AndroidManifest.xml:157:9-67
	android:name
		ADDED from workspace\Android_BaoLuo_Community\AndroidManifest.xml:157:19-64
activity#com.baoluo.im.ui.AtyGroupCode
ADDED from workspace\Android_BaoLuo_Community\AndroidManifest.xml:158:9-66
	android:name
		ADDED from workspace\Android_BaoLuo_Community\AndroidManifest.xml:158:19-63
activity#com.baoluo.im.ui.AtyMsgSetting
ADDED from workspace\Android_BaoLuo_Community\AndroidManifest.xml:159:9-67
	android:name
		ADDED from workspace\Android_BaoLuo_Community\AndroidManifest.xml:159:19-64
activity#com.baoluo.im.ui.AtyAboutBaoluo
ADDED from workspace\Android_BaoLuo_Community\AndroidManifest.xml:160:9-68
	android:name
		ADDED from workspace\Android_BaoLuo_Community\AndroidManifest.xml:160:19-65
activity#com.baoluo.im.ui.AtyPersonal
ADDED from workspace\Android_BaoLuo_Community\AndroidManifest.xml:161:9-65
	android:name
		ADDED from workspace\Android_BaoLuo_Community\AndroidManifest.xml:161:19-62
activity#com.baoluo.im.ui.AtyPerson
ADDED from workspace\Android_BaoLuo_Community\AndroidManifest.xml:162:9-63
	android:name
		ADDED from workspace\Android_BaoLuo_Community\AndroidManifest.xml:162:19-60
activity#com.baoluo.im.ui.AtyAffirm
ADDED from workspace\Android_BaoLuo_Community\AndroidManifest.xml:163:9-165:48
	android:theme
		ADDED from workspace\Android_BaoLuo_Community\AndroidManifest.xml:165:13-45
	android:name
		ADDED from workspace\Android_BaoLuo_Community\AndroidManifest.xml:164:13-54
activity#com.baoluo.im.ui.AtyFunctionIntroduce
ADDED from workspace\Android_BaoLuo_Community\AndroidManifest.xml:166:9-74
	android:name
		ADDED from workspace\Android_BaoLuo_Community\AndroidManifest.xml:166:19-71
activity#com.baoluo.community.ui.aty.user.AtyFindPswd
ADDED from workspace\Android_BaoLuo_Community\AndroidManifest.xml:167:9-81
	android:name
		ADDED from workspace\Android_BaoLuo_Community\AndroidManifest.xml:167:19-78
activity#com.baoluo.community.ui.aty.user.AtySetNick
ADDED from workspace\Android_BaoLuo_Community\AndroidManifest.xml:168:9-80
	android:name
		ADDED from workspace\Android_BaoLuo_Community\AndroidManifest.xml:168:19-77
activity#com.baoluo.community.ui.aty.user.AtyPrivacyTreaty
ADDED from workspace\Android_BaoLuo_Community\AndroidManifest.xml:169:9-86
	android:name
		ADDED from workspace\Android_BaoLuo_Community\AndroidManifest.xml:169:19-83
activity#com.baoluo.im.ui.AtySecurity
ADDED from workspace\Android_BaoLuo_Community\AndroidManifest.xml:170:9-65
	android:name
		ADDED from workspace\Android_BaoLuo_Community\AndroidManifest.xml:170:19-62
activity#com.baoluo.im.ui.AtyChangePswd
ADDED from workspace\Android_BaoLuo_Community\AndroidManifest.xml:171:9-173:70
	android:windowSoftInputMode
		ADDED from workspace\Android_BaoLuo_Community\AndroidManifest.xml:173:13-67
	android:name
		ADDED from workspace\Android_BaoLuo_Community\AndroidManifest.xml:172:13-58
activity#com.baoluo.im.ui.AtyPersonCode
ADDED from workspace\Android_BaoLuo_Community\AndroidManifest.xml:174:9-67
	android:name
		ADDED from workspace\Android_BaoLuo_Community\AndroidManifest.xml:174:19-64
activity#com.baoluo.im.ui.AtySetting
ADDED from workspace\Android_BaoLuo_Community\AndroidManifest.xml:175:9-64
	android:name
		ADDED from workspace\Android_BaoLuo_Community\AndroidManifest.xml:175:19-61
activity#com.baoluo.im.ui.AtyIMSearch
ADDED from workspace\Android_BaoLuo_Community\AndroidManifest.xml:176:9-65
	android:name
		ADDED from workspace\Android_BaoLuo_Community\AndroidManifest.xml:176:19-62
activity#com.baoluo.im.ui.AtyDorm
ADDED from workspace\Android_BaoLuo_Community\AndroidManifest.xml:177:9-61
	android:name
		ADDED from workspace\Android_BaoLuo_Community\AndroidManifest.xml:177:19-58
activity#com.baoluo.im.ui.AtyDormList
ADDED from workspace\Android_BaoLuo_Community\AndroidManifest.xml:178:9-65
	android:name
		ADDED from workspace\Android_BaoLuo_Community\AndroidManifest.xml:178:19-62
activity#com.baoluo.community.ui.AmapLBSDemo
ADDED from workspace\Android_BaoLuo_Community\AndroidManifest.xml:180:9-72
	android:name
		ADDED from workspace\Android_BaoLuo_Community\AndroidManifest.xml:180:19-69